2022-04-03 19:11:55,219 [main] INFO Nopcommercekay - *********Launching browser
2022-04-03 19:12:03,901 [main] INFO Nopcommercekay - ********Application Url open
2022-04-03 19:12:08,716 [main] INFO Nopcommercekay - ******User enter login details
2022-04-03 19:12:19,600 [main] INFO Nopcommercekay - User click on login details
2022-04-03 19:13:02,833 [main] INFO Nopcommercekay - User log out of application
2022-04-03 19:13:08,434 [main] INFO Nopcommercekay - *********Launching browser
2022-04-03 19:13:14,963 [main] INFO Nopcommercekay - ********Application Url open
2022-04-03 19:13:19,408 [main] INFO Nopcommercekay - ******User enter login details
2022-04-03 19:13:28,614 [main] INFO Nopcommercekay - User click on login details
2022-04-03 19:13:55,559 [main] INFO Nopcommercekay - User log out of application
2022-04-03 19:14:01,192 [main] INFO Nopcommercekay - *********Launching browser
2022-04-03 19:14:07,736 [main] INFO Nopcommercekay - ********Application Url open
2022-04-03 19:14:11,891 [main] INFO Nopcommercekay - ******User enter login details
2022-04-03 19:14:20,752 [main] INFO Nopcommercekay - User click on login details
2022-04-03 19:14:49,066 [main] INFO Nopcommercekay - User log out of application
2022-04-03 19:21:26,774 [main] INFO Nopcommercekay - *********Launching browser
2022-04-03 19:21:37,035 [main] INFO Nopcommercekay - ********Application Url open
2022-04-03 19:21:41,226 [main] INFO Nopcommercekay - ******User enter login details
2022-04-03 19:21:53,681 [main] INFO Nopcommercekay - User click on login details
2022-04-03 19:22:41,279 [main] INFO Nopcommercekay - User log out of application
2022-04-03 19:23:00,885 [main] INFO Nopcommercekay - *********Launching browser
2022-04-03 19:23:07,583 [main] INFO Nopcommercekay - ********Application Url open
2022-04-03 19:23:11,329 [main] INFO Nopcommercekay - ******User enter login details
2022-04-03 19:23:19,685 [main] INFO Nopcommercekay - User click on login details
2022-04-03 19:23:46,783 [main] INFO Nopcommercekay - User log out of application
2022-04-03 19:23:51,624 [main] INFO Nopcommercekay - *********Launching browser
2022-04-03 19:23:59,092 [main] INFO Nopcommercekay - ********Application Url open
2022-04-03 19:24:03,215 [main] INFO Nopcommercekay - ******User enter login details
2022-04-03 19:24:12,553 [main] INFO Nopcommercekay - User click on login details
2022-04-03 19:24:44,427 [main] INFO Nopcommercekay - User log out of application
2022-04-03 20:27:12,245 [main] INFO Nopcommercekay - *********Launching browser
2022-04-03 20:27:26,720 [main] INFO Nopcommercekay - ********Application Url open
2022-04-03 20:27:31,441 [main] INFO Nopcommercekay - ******User enter login details
2022-04-03 20:27:47,850 [main] INFO Nopcommercekay - User click on login details
2022-04-03 20:28:37,200 [main] INFO Nopcommercekay - User log out of application
2022-04-03 20:28:42,092 [main] INFO Nopcommercekay - *********Launching browser
2022-04-03 20:28:49,168 [main] INFO Nopcommercekay - ********Application Url open
2022-04-03 20:28:53,380 [main] INFO Nopcommercekay - ******User enter login details
2022-04-03 20:29:03,325 [main] INFO Nopcommercekay - User click on login details
2022-04-03 20:29:35,074 [main] INFO Nopcommercekay - User log out of application
2022-04-03 20:29:39,059 [main] INFO Nopcommercekay - *********Launching browser
2022-04-03 20:29:45,978 [main] INFO Nopcommercekay - ********Application Url open
2022-04-03 20:29:49,617 [main] INFO Nopcommercekay - ******User enter login details
2022-04-03 20:29:59,826 [main] INFO Nopcommercekay - User click on login details
2022-04-03 20:30:29,624 [main] INFO Nopcommercekay - User log out of application
2022-04-03 21:30:06,581 [main] INFO Nopcommercekay - *********Launching browser
2022-04-03 21:30:22,641 [main] INFO Nopcommercekay - ********Application Url open
2022-04-03 21:30:30,353 [main] INFO Nopcommercekay - ******User enter login details
2022-04-03 21:30:51,039 [main] INFO Nopcommercekay - User click on login details
2022-04-03 21:31:57,927 [main] INFO Nopcommercekay - User log out of application
2022-04-03 21:32:19,560 [main] INFO Nopcommercekay - *********Launching browser
2022-04-03 21:32:27,477 [main] INFO Nopcommercekay - ********Application Url open
2022-04-03 21:32:31,121 [main] INFO Nopcommercekay - ******User enter login details
2022-04-03 21:32:40,978 [main] INFO Nopcommercekay - User click on login details
2022-04-03 21:33:11,472 [main] INFO Nopcommercekay - User log out of application
2022-04-03 21:33:16,576 [main] INFO Nopcommercekay - *********Launching browser
2022-04-03 21:33:23,604 [main] INFO Nopcommercekay - ********Application Url open
2022-04-03 21:33:28,007 [main] INFO Nopcommercekay - ******User enter login details
2022-04-03 21:33:37,607 [main] INFO Nopcommercekay - User click on login details
2022-04-03 21:34:10,594 [main] INFO Nopcommercekay - User log out of application
2022-04-03 21:36:24,347 [main] INFO Nopcommercekay - *********Launching browser
2022-04-03 21:36:31,258 [main] INFO Nopcommercekay - ********Application Url open
2022-04-03 21:36:35,182 [main] INFO Nopcommercekay - ******User enter login details
2022-04-03 21:36:45,082 [main] INFO Nopcommercekay - User click on login details
2022-04-03 21:37:13,463 [main] INFO Nopcommercekay - User log out of application
2022-04-03 21:39:10,955 [main] INFO Nopcommercekay - *********Launching browser
2022-04-03 21:39:18,417 [main] INFO Nopcommercekay - ********Application Url open
2022-04-03 21:39:22,988 [main] INFO Nopcommercekay - ******User enter login details
2022-04-03 21:39:32,728 [main] INFO Nopcommercekay - User click on login details
2022-04-03 21:40:05,259 [main] INFO Nopcommercekay - User log out of application
2022-04-03 21:40:10,432 [main] INFO Nopcommercekay - *********Launching browser
2022-04-03 21:40:17,386 [main] INFO Nopcommercekay - ********Application Url open
2022-04-03 21:40:21,074 [main] INFO Nopcommercekay - ******User enter login details
2022-04-03 21:40:31,102 [main] INFO Nopcommercekay - User click on login details
2022-04-03 21:40:34,842 [main] INFO Nopcommercekay - ***********Login status confirmed
2022-04-03 21:40:40,843 [main] INFO Nopcommercekay - *******User log out of application
2022-04-03 21:40:43,927 [main] INFO Nopcommercekay - ***********Login status confirmed
2022-04-03 21:40:46,933 [main] INFO Nopcommercekay - User log out of application
2022-04-03 21:42:17,124 [main] INFO Nopcommercekay - *********Launching browser
2022-04-03 21:42:23,580 [main] INFO Nopcommercekay - ********Application Url open
2022-04-03 21:42:27,987 [main] INFO Nopcommercekay - ******User enter login details
2022-04-03 21:42:37,342 [main] INFO Nopcommercekay - User click on login details
2022-04-03 21:43:25,430 [main] INFO Nopcommercekay - User log out of application
2022-04-03 21:43:29,743 [main] INFO Nopcommercekay - *********Launching browser
2022-04-03 21:43:37,578 [main] INFO Nopcommercekay - ********Application Url open
2022-04-03 21:43:41,958 [main] INFO Nopcommercekay - ******User enter login details
2022-04-03 21:43:50,106 [main] INFO Nopcommercekay - User click on login details
2022-04-03 21:44:18,333 [main] INFO Nopcommercekay - User log out of application
2022-04-03 21:44:22,887 [main] INFO Nopcommercekay - *********Launching browser
2022-04-03 21:44:29,986 [main] INFO Nopcommercekay - ********Application Url open
2022-04-03 21:44:33,941 [main] INFO Nopcommercekay - ******User enter login details
2022-04-03 21:44:42,382 [main] INFO Nopcommercekay - User click on login details
2022-04-03 21:44:45,661 [main] INFO Nopcommercekay - ***********Login status confirmed
2022-04-03 21:44:51,263 [main] INFO Nopcommercekay - *******User log out of application
2022-04-03 21:44:54,342 [main] INFO Nopcommercekay - ***********Login status confirmed
2022-04-03 21:44:57,348 [main] INFO Nopcommercekay - User log out of application
2022-04-03 21:45:01,515 [main] INFO Nopcommercekay - *********Launching browser
2022-04-03 21:45:08,333 [main] INFO Nopcommercekay - ********Application Url open
2022-04-03 21:45:12,703 [main] INFO Nopcommercekay - ******User enter login details
2022-04-03 21:45:16,937 [main] INFO Nopcommercekay - User click on login details
2022-04-03 21:47:09,223 [main] INFO Nopcommercekay - *********Launching browser
2022-04-03 21:47:16,187 [main] INFO Nopcommercekay - ********Application Url open
2022-04-03 21:47:20,191 [main] INFO Nopcommercekay - ******User enter login details
2022-04-03 21:47:35,019 [main] INFO Nopcommercekay - User click on login details
2022-04-03 21:47:44,331 [main] INFO Nopcommercekay - *********Launching browser
2022-04-03 21:48:32,159 [main] INFO Nopcommercekay - ********Application Url open
2022-04-03 21:48:36,448 [main] INFO Nopcommercekay - ******User enter login details
2022-04-03 21:49:00,254 [main] INFO Nopcommercekay - User click on login details
2022-04-03 21:49:32,490 [main] INFO Nopcommercekay - User log out of application
2022-04-03 21:49:39,216 [main] INFO Nopcommercekay - *********Launching browser
2022-04-03 21:49:47,698 [main] INFO Nopcommercekay - ********Application Url open
2022-04-03 21:49:51,804 [main] INFO Nopcommercekay - ******User enter login details
2022-04-03 21:50:01,074 [main] INFO Nopcommercekay - User click on login details
2022-04-03 21:50:31,031 [main] INFO Nopcommercekay - User log out of application
2022-04-03 21:50:39,185 [main] INFO Nopcommercekay - *********Launching browser
2022-04-03 21:50:46,267 [main] INFO Nopcommercekay - ********Application Url open
2022-04-03 21:50:50,183 [main] INFO Nopcommercekay - ******User enter login details
2022-04-03 21:51:00,171 [main] INFO Nopcommercekay - User click on login details
2022-04-03 21:51:03,488 [main] INFO Nopcommercekay - ***********Login status confirmed
2022-04-03 21:51:09,602 [main] INFO Nopcommercekay - *******User log out of application
2022-04-03 21:51:12,653 [main] INFO Nopcommercekay - ***********Login status confirmed
2022-04-03 21:51:15,661 [main] INFO Nopcommercekay - User log out of application
2022-04-03 21:51:21,743 [main] INFO Nopcommercekay - *********Launching browser
2022-04-03 21:51:28,144 [main] INFO Nopcommercekay - ********Application Url open
2022-04-03 21:51:32,348 [main] INFO Nopcommercekay - ******User enter login details
2022-04-03 21:51:42,310 [main] INFO Nopcommercekay - User click on login details
2022-04-03 21:51:45,651 [main] INFO Nopcommercekay - ***********Login status confirmed
2022-04-03 21:51:51,473 [main] INFO Nopcommercekay - *******User log out of application
2022-04-03 21:51:54,547 [main] INFO Nopcommercekay - ***********Login status confirmed
2022-04-03 21:51:57,554 [main] INFO Nopcommercekay - User log out of application
2022-04-03 21:52:05,936 [main] INFO Nopcommercekay - *********Launching browser
2022-04-03 21:52:12,820 [main] INFO Nopcommercekay - ********Application Url open
2022-04-03 21:52:18,126 [main] INFO Nopcommercekay - ******User enter login details
2022-04-03 21:52:22,931 [main] INFO Nopcommercekay - User click on login details
2022-04-03 21:59:24,866 [main] INFO Nopcommercekay - *********Launching browser
2022-04-03 21:59:34,665 [main] INFO Nopcommercekay - ********Application Url open
2022-04-03 21:59:38,404 [main] INFO Nopcommercekay - ******User enter login details
2022-04-03 21:59:47,884 [main] INFO Nopcommercekay - User click on login details
2022-04-03 22:00:38,970 [main] INFO Nopcommercekay - *********Launching browser
2022-04-03 22:00:47,958 [main] INFO Nopcommercekay - ********Application Url open
2022-04-03 22:00:51,941 [main] INFO Nopcommercekay - ******User enter login details
2022-04-03 22:01:04,119 [main] INFO Nopcommercekay - User click on login details
2022-04-03 22:01:38,932 [main] INFO Nopcommercekay - User log out of application
2022-04-03 22:05:43,656 [main] INFO Nopcommercekay - *********Launching browser
2022-04-03 22:05:50,788 [main] INFO Nopcommercekay - ********Application Url open
2022-04-03 22:05:56,379 [main] INFO Nopcommercekay - ******User enter login details
2022-04-03 22:06:06,440 [main] INFO Nopcommercekay - User click on login details
2022-04-03 22:06:50,071 [main] INFO Nopcommercekay - User log out of application
2022-04-03 22:08:32,565 [main] INFO Nopcommercekay - *********Launching browser
2022-04-03 22:08:39,421 [main] INFO Nopcommercekay - ********Application Url open
2022-04-03 22:08:43,173 [main] INFO Nopcommercekay - ******User enter login details
2022-04-03 22:08:55,112 [main] INFO Nopcommercekay - User click on login details
2022-04-03 22:09:38,203 [main] INFO Nopcommercekay - User log out of application
2022-04-03 22:09:45,113 [main] INFO Nopcommercekay - *********Launching browser
2022-04-03 22:09:52,819 [main] INFO Nopcommercekay - ********Application Url open
2022-04-03 22:09:57,521 [main] INFO Nopcommercekay - ******User enter login details
2022-04-03 22:10:07,406 [main] INFO Nopcommercekay - User click on login details
2022-04-03 22:10:34,584 [main] INFO Nopcommercekay - User log out of application
2022-04-03 22:10:42,732 [main] INFO Nopcommercekay - *********Launching browser
2022-04-03 22:10:49,424 [main] INFO Nopcommercekay - ********Application Url open
2022-04-03 22:10:54,274 [main] INFO Nopcommercekay - ******User enter login details
2022-04-03 22:11:03,732 [main] INFO Nopcommercekay - User click on login details
2022-04-03 22:11:31,522 [main] INFO Nopcommercekay - User log out of application
2022-04-03 23:15:01,603 [pool-2-thread-1] INFO Nopcommercekay - *********Launching browser
2022-04-03 23:15:09,243 [pool-2-thread-1] INFO Nopcommercekay - ********Application Url open
2022-04-03 23:15:14,201 [pool-2-thread-1] INFO Nopcommercekay - ******User enter login details
2022-04-03 23:15:26,206 [pool-2-thread-1] INFO Nopcommercekay - User click on login details
2022-04-03 23:16:18,977 [pool-2-thread-1] INFO Nopcommercekay - User log out of application
2022-04-03 23:16:36,831 [pool-2-thread-1] INFO Nopcommercekay - *********Launching browser
2022-04-03 23:16:47,626 [pool-2-thread-1] INFO Nopcommercekay - ********Application Url open
2022-04-03 23:16:51,968 [pool-2-thread-1] INFO Nopcommercekay - ******User enter login details
2022-04-03 23:17:01,755 [pool-2-thread-1] INFO Nopcommercekay - User click on login details
2022-04-03 23:17:29,897 [pool-2-thread-1] INFO Nopcommercekay - User log out of application
2022-04-03 23:17:34,128 [pool-2-thread-1] INFO Nopcommercekay - *********Launching browser
2022-04-03 23:17:43,263 [pool-2-thread-1] INFO Nopcommercekay - ********Application Url open
2022-04-03 23:17:46,950 [pool-2-thread-1] INFO Nopcommercekay - ******User enter login details
2022-04-03 23:17:55,088 [pool-2-thread-1] INFO Nopcommercekay - User click on login details
2022-04-03 23:18:24,179 [pool-2-thread-1] INFO Nopcommercekay - User log out of application
2022-04-04 09:46:04,311 [pool-2-thread-1] INFO Nopcommercekay - *********Launching browser
2022-04-04 09:46:14,131 [pool-2-thread-1] INFO Nopcommercekay - ********Application Url open
2022-04-04 09:46:18,721 [pool-2-thread-1] INFO Nopcommercekay - ******User enter login details
2022-04-04 09:46:34,592 [pool-2-thread-1] INFO Nopcommercekay - User click on login details
2022-04-04 09:47:02,029 [pool-2-thread-1] INFO Nopcommercekay - User log out of application
2022-04-04 09:47:05,967 [pool-2-thread-1] INFO Nopcommercekay - *********Launching browser
2022-04-04 09:47:13,110 [pool-2-thread-1] INFO Nopcommercekay - ********Application Url open
2022-04-04 09:47:16,691 [pool-2-thread-1] INFO Nopcommercekay - ******User enter login details
2022-04-04 09:48:18,725 [pool-2-thread-1] INFO Nopcommercekay - User click on login details
2022-04-04 09:48:50,277 [pool-2-thread-1] INFO Nopcommercekay - User log out of application
2022-04-04 09:50:26,222 [pool-2-thread-1] INFO Nopcommercekay - *********Launching browser
2022-04-04 09:50:33,746 [pool-2-thread-1] INFO Nopcommercekay - ********Application Url open
2022-04-04 09:50:38,254 [pool-2-thread-1] INFO Nopcommercekay - ******User enter login details
2022-04-04 09:50:51,091 [pool-2-thread-1] INFO Nopcommercekay - User click on login details
2022-04-04 09:51:36,243 [pool-2-thread-1] INFO Nopcommercekay - User log out of application
2022-04-04 09:51:38,910 [pool-2-thread-1] INFO Nopcommercekay - *********Launching browser
2022-04-04 09:51:46,200 [pool-2-thread-1] INFO Nopcommercekay - ********Application Url open
2022-04-04 09:51:49,797 [pool-2-thread-1] INFO Nopcommercekay - ******User enter login details
2022-04-04 09:51:59,807 [pool-2-thread-1] INFO Nopcommercekay - User click on login details
2022-04-04 09:52:25,796 [pool-2-thread-1] INFO Nopcommercekay - User log out of application
2022-04-04 09:52:29,268 [pool-2-thread-1] INFO Nopcommercekay - *********Launching browser
2022-04-04 09:52:36,875 [pool-2-thread-1] INFO Nopcommercekay - ********Application Url open
2022-04-04 09:52:40,579 [pool-2-thread-1] INFO Nopcommercekay - ******User enter login details
2022-04-04 09:52:53,462 [pool-2-thread-1] INFO Nopcommercekay - User click on login details
2022-04-04 09:53:21,963 [pool-2-thread-1] INFO Nopcommercekay - User log out of application
2022-04-04 10:21:26,085 [pool-2-thread-1] INFO Nopcommercekay - *********Launching browser
2022-04-04 10:21:34,889 [pool-2-thread-1] INFO Nopcommercekay - ********Application Url open
2022-04-04 10:21:39,663 [pool-2-thread-1] INFO Nopcommercekay - ******User enter login details
2022-04-04 10:21:55,268 [pool-2-thread-1] INFO Nopcommercekay - User click on login details
2022-04-04 10:22:43,757 [pool-2-thread-1] INFO Nopcommercekay - User log out of application
2022-04-04 10:22:53,312 [pool-2-thread-1] INFO Nopcommercekay - *********Launching browser
2022-04-04 10:23:05,022 [pool-2-thread-1] INFO Nopcommercekay - ********Application Url open
2022-04-04 10:23:09,458 [pool-2-thread-1] INFO Nopcommercekay - ******User enter login details
2022-04-04 10:23:25,081 [pool-2-thread-1] INFO Nopcommercekay - User click on login details
2022-04-04 10:23:56,536 [pool-2-thread-1] INFO Nopcommercekay - User log out of application
2022-04-04 10:24:01,722 [pool-2-thread-1] INFO Nopcommercekay - *********Launching browser
2022-04-04 10:24:09,211 [pool-2-thread-1] INFO Nopcommercekay - ********Application Url open
2022-04-04 10:24:13,718 [pool-2-thread-1] INFO Nopcommercekay - ******User enter login details
2022-04-04 10:24:25,753 [pool-2-thread-1] INFO Nopcommercekay - User click on login details
2022-04-04 10:24:57,362 [pool-2-thread-1] INFO Nopcommercekay - User log out of application
2022-04-04 10:26:19,027 [pool-2-thread-1] INFO Nopcommercekay - *********Launching browser
2022-04-04 10:26:26,630 [pool-2-thread-1] INFO Nopcommercekay - ********Application Url open
2022-04-04 10:26:31,079 [pool-2-thread-1] INFO Nopcommercekay - ******User enter login details
2022-04-04 10:26:43,582 [pool-2-thread-1] INFO Nopcommercekay - User click on login details
2022-04-04 10:27:31,690 [pool-2-thread-1] INFO Nopcommercekay - User log out of application
2022-04-04 10:27:36,456 [pool-2-thread-1] INFO Nopcommercekay - *********Launching browser
2022-04-04 10:27:48,239 [pool-2-thread-1] INFO Nopcommercekay - ********Application Url open
2022-04-04 10:27:52,784 [pool-2-thread-1] INFO Nopcommercekay - ******User enter login details
2022-04-04 10:28:04,445 [pool-2-thread-1] INFO Nopcommercekay - User click on login details
2022-04-04 10:28:34,472 [pool-2-thread-1] INFO Nopcommercekay - User log out of application
2022-04-04 10:28:39,921 [pool-2-thread-1] INFO Nopcommercekay - *********Launching browser
2022-04-04 10:28:47,471 [pool-2-thread-1] INFO Nopcommercekay - ********Application Url open
2022-04-04 10:28:51,543 [pool-2-thread-1] INFO Nopcommercekay - ******User enter login details
2022-04-04 10:29:01,674 [pool-2-thread-1] INFO Nopcommercekay - User click on login details
2022-04-04 10:29:34,848 [pool-2-thread-1] INFO Nopcommercekay - User log out of application
2022-04-04 10:51:43,730 [main] INFO Nopcommercekay - *********Launching browser
2022-04-04 10:51:51,314 [main] INFO Nopcommercekay - ********Application Url open
2022-04-04 10:51:55,773 [main] INFO Nopcommercekay - ******User enter login details
2022-04-04 10:52:08,770 [main] INFO Nopcommercekay - User click on login details
2022-04-04 10:53:03,466 [main] INFO Nopcommercekay - User log out of application
2022-04-04 10:53:22,497 [main] INFO Nopcommercekay - *********Launching browser
2022-04-04 10:53:33,544 [main] INFO Nopcommercekay - ********Application Url open
2022-04-04 10:53:37,882 [main] INFO Nopcommercekay - ******User enter login details
2022-04-04 10:53:52,682 [main] INFO Nopcommercekay - User click on login details
2022-04-04 10:54:22,096 [main] INFO Nopcommercekay - User log out of application
2022-04-04 10:54:25,322 [main] INFO Nopcommercekay - *********Launching browser
2022-04-04 10:54:31,768 [main] INFO Nopcommercekay - ********Application Url open
2022-04-04 10:54:35,356 [main] INFO Nopcommercekay - ******User enter login details
2022-04-04 10:54:47,034 [main] INFO Nopcommercekay - User click on login details
2022-04-04 10:55:21,322 [main] INFO Nopcommercekay - User log out of application
2022-04-04 11:13:06,184 [main] INFO Nopcommercekay - *********Launching browser
2022-04-04 11:13:13,448 [main] INFO Nopcommercekay - ********Application Url open
2022-04-04 11:13:17,935 [main] INFO Nopcommercekay - ******User enter login details
2022-04-04 11:13:28,257 [main] INFO Nopcommercekay - User click on login details
2022-04-04 11:14:12,745 [main] INFO Nopcommercekay - User log out of application
2022-04-04 11:14:16,261 [main] INFO Nopcommercekay - *********Launching browser
2022-04-04 11:14:23,553 [main] INFO Nopcommercekay - ********Application Url open
2022-04-04 11:14:27,236 [main] INFO Nopcommercekay - ******User enter login details
2022-04-04 11:14:45,200 [main] INFO Nopcommercekay - User click on login details
2022-04-04 11:15:16,560 [main] INFO Nopcommercekay - User log out of application
2022-04-04 11:15:21,270 [main] INFO Nopcommercekay - *********Launching browser
2022-04-04 11:15:28,805 [main] INFO Nopcommercekay - ********Application Url open
2022-04-04 11:15:33,434 [main] INFO Nopcommercekay - ******User enter login details
2022-04-04 11:15:53,651 [main] INFO Nopcommercekay - User click on login details
2022-04-04 11:16:24,092 [main] INFO Nopcommercekay - User log out of application
2022-04-04 11:20:03,930 [main] INFO Nopcommercekay - *********Launching browser
2022-04-04 11:20:11,132 [main] INFO Nopcommercekay - ********Application Url open
2022-04-04 11:20:16,296 [main] INFO Nopcommercekay - ******User enter login details
2022-04-04 11:20:28,175 [main] INFO Nopcommercekay - User click on login details
2022-04-04 11:21:09,095 [main] INFO Nopcommercekay - User log out of application
2022-04-04 11:21:12,521 [main] INFO Nopcommercekay - *********Launching browser
2022-04-04 11:21:20,133 [main] INFO Nopcommercekay - ********Application Url open
2022-04-04 11:21:24,537 [main] INFO Nopcommercekay - ******User enter login details
2022-04-04 11:21:36,782 [main] INFO Nopcommercekay - User click on login details
2022-04-04 11:22:02,845 [main] INFO Nopcommercekay - User log out of application
2022-04-04 11:22:06,540 [main] INFO Nopcommercekay - *********Launching browser
2022-04-04 11:22:13,471 [main] INFO Nopcommercekay - ********Application Url open
2022-04-04 11:22:17,242 [main] INFO Nopcommercekay - ******User enter login details
2022-04-04 11:22:27,535 [main] INFO Nopcommercekay - User click on login details
2022-04-04 11:22:59,917 [main] INFO Nopcommercekay - User log out of application
2022-04-04 11:26:54,994 [main] INFO Nopcommercekay - *********Launching browser
2022-04-04 11:27:02,297 [main] INFO Nopcommercekay - ********Application Url open
2022-04-04 11:27:06,721 [main] INFO Nopcommercekay - ******User enter login details
2022-04-04 11:27:18,130 [main] INFO Nopcommercekay - User click on login details
2022-04-04 11:28:03,881 [main] INFO Nopcommercekay - User log out of application
2022-04-04 11:28:07,145 [main] INFO Nopcommercekay - *********Launching browser
2022-04-04 11:28:13,899 [main] INFO Nopcommercekay - ********Application Url open
2022-04-04 11:28:17,471 [main] INFO Nopcommercekay - ******User enter login details
2022-04-04 11:28:30,307 [main] INFO Nopcommercekay - User click on login details
2022-04-04 11:28:56,532 [main] INFO Nopcommercekay - User log out of application
2022-04-04 11:29:00,179 [main] INFO Nopcommercekay - *********Launching browser
2022-04-04 11:29:06,502 [main] INFO Nopcommercekay - ********Application Url open
2022-04-04 11:29:10,225 [main] INFO Nopcommercekay - ******User enter login details
2022-04-04 11:29:25,980 [main] INFO Nopcommercekay - User click on login details
2022-04-04 11:29:55,152 [main] INFO Nopcommercekay - User log out of application
2022-04-04 14:26:45,289 [main] INFO Nopcommercekay - *********Launching browser
2022-04-04 14:26:52,925 [main] INFO Nopcommercekay - ********Application Url open
2022-04-04 14:27:07,599 [main] INFO Nopcommercekay - ******User enter login details
2022-04-04 14:27:22,211 [main] INFO Nopcommercekay - User click on login details
2022-04-04 14:28:10,112 [main] INFO Nopcommercekay - User log out of application
2022-04-04 14:28:17,483 [main] INFO Nopcommercekay - *********Launching browser
2022-04-04 14:28:24,059 [main] INFO Nopcommercekay - ********Application Url open
2022-04-04 14:28:27,796 [main] INFO Nopcommercekay - ******User enter login details
2022-04-04 14:28:38,768 [main] INFO Nopcommercekay - User click on login details
2022-04-04 14:29:07,952 [main] INFO Nopcommercekay - User log out of application
2022-04-04 14:29:15,000 [main] INFO Nopcommercekay - *********Launching browser
2022-04-04 14:29:22,707 [main] INFO Nopcommercekay - ********Application Url open
2022-04-04 14:29:26,512 [main] INFO Nopcommercekay - ******User enter login details
2022-04-04 14:29:36,723 [main] INFO Nopcommercekay - User click on login details
2022-04-04 14:30:07,356 [main] INFO Nopcommercekay - User log out of application
2022-04-04 14:40:59,979 [main] INFO Nopcommercekay - *********Launching browser
2022-04-04 14:41:12,356 [main] INFO Nopcommercekay - ********Application Url open
2022-04-04 14:41:16,423 [main] INFO Nopcommercekay - ******User enter login details
2022-04-04 14:41:25,855 [main] INFO Nopcommercekay - User click on login details
2022-04-04 14:42:09,430 [main] INFO Nopcommercekay - User log out of application
2022-04-04 14:42:12,982 [main] INFO Nopcommercekay - *********Launching browser
2022-04-04 14:42:19,831 [main] INFO Nopcommercekay - ********Application Url open
2022-04-04 14:42:23,602 [main] INFO Nopcommercekay - ******User enter login details
2022-04-04 14:42:33,379 [main] INFO Nopcommercekay - User click on login details
2022-04-04 14:42:59,734 [main] INFO Nopcommercekay - User log out of application
2022-04-04 14:43:03,328 [main] INFO Nopcommercekay - *********Launching browser
2022-04-04 14:43:10,553 [main] INFO Nopcommercekay - ********Application Url open
2022-04-04 14:43:14,397 [main] INFO Nopcommercekay - ******User enter login details
2022-04-04 14:43:23,988 [main] INFO Nopcommercekay - User click on login details
2022-04-04 14:43:52,860 [main] INFO Nopcommercekay - User log out of application
2022-04-04 15:16:22,072 [main] INFO Nopcommercekay - *********Launching browser
2022-04-04 15:16:30,311 [main] INFO Nopcommercekay - ********Application Url open
2022-04-04 15:16:37,500 [main] INFO Nopcommercekay - ******User enter login details
2022-04-04 15:16:48,101 [main] INFO Nopcommercekay - User click on login details
2022-04-04 15:17:39,747 [main] INFO Nopcommercekay - User log out of application
2022-04-04 15:17:45,800 [main] INFO Nopcommercekay - *********Launching browser
2022-04-04 15:17:53,486 [main] INFO Nopcommercekay - ********Application Url open
2022-04-04 15:17:57,084 [main] INFO Nopcommercekay - ******User enter login details
2022-04-04 15:24:02,551 [main] INFO Nopcommercekay - *********Launching browser
2022-04-04 15:24:09,886 [main] INFO Nopcommercekay - ********Application Url open
2022-04-04 15:24:14,181 [main] INFO Nopcommercekay - ******User enter login details
2022-04-04 15:24:32,866 [main] INFO Nopcommercekay - User click on login details
2022-04-04 15:25:21,634 [main] INFO Nopcommercekay - User log out of application
2022-04-04 15:25:27,319 [main] INFO Nopcommercekay - *********Launching browser
2022-04-04 15:25:34,255 [main] INFO Nopcommercekay - ********Application Url open
2022-04-04 15:25:37,955 [main] INFO Nopcommercekay - ******User enter login details
2022-04-04 15:25:47,674 [main] INFO Nopcommercekay - User click on login details
2022-04-04 15:26:16,511 [main] INFO Nopcommercekay - User log out of application
2022-04-04 15:26:22,318 [main] INFO Nopcommercekay - *********Launching browser
2022-04-04 15:26:28,937 [main] INFO Nopcommercekay - ********Application Url open
2022-04-04 15:26:32,867 [main] INFO Nopcommercekay - ******User enter login details
2022-04-04 15:26:43,690 [main] INFO Nopcommercekay - User click on login details
2022-04-04 15:27:12,676 [main] INFO Nopcommercekay - User log out of application
2022-04-04 15:38:36,297 [main] INFO Nopcommercekay - *********Launching browser
2022-04-04 15:38:54,887 [main] INFO Nopcommercekay - ********Application Url open
2022-04-04 15:38:59,098 [main] INFO Nopcommercekay - ******User enter login details
2022-04-04 15:39:11,351 [main] INFO Nopcommercekay - User click on login details
2022-04-04 15:40:07,490 [main] INFO Nopcommercekay - User log out of application
2022-04-04 15:41:04,692 [main] INFO Nopcommercekay - *********Launching browser
2022-04-04 15:41:14,602 [main] INFO Nopcommercekay - ********Application Url open
2022-04-04 15:41:19,423 [main] INFO Nopcommercekay - ******User enter login details
2022-04-04 15:41:32,369 [main] INFO Nopcommercekay - User click on login details
2022-04-04 15:42:05,550 [main] INFO Nopcommercekay - User log out of application
2022-04-04 15:42:11,899 [main] INFO Nopcommercekay - *********Launching browser
2022-04-04 15:42:18,420 [main] INFO Nopcommercekay - ********Application Url open
2022-04-04 15:42:22,221 [main] INFO Nopcommercekay - ******User enter login details
2022-04-04 15:42:35,668 [main] INFO Nopcommercekay - User click on login details
2022-04-04 15:43:06,354 [main] INFO Nopcommercekay - User log out of application
2022-04-04 15:49:34,548 [main] INFO Nopcommercekay - *********Launching browser
2022-04-04 15:49:43,539 [main] INFO Nopcommercekay - ********Application Url open
2022-04-04 15:49:47,266 [main] INFO Nopcommercekay - ******User enter login details
2022-04-04 15:49:58,553 [main] INFO Nopcommercekay - User click on login details
2022-04-04 15:50:40,428 [main] INFO Nopcommercekay - User log out of application
2022-04-04 15:50:49,472 [main] INFO Nopcommercekay - *********Launching browser
2022-04-04 15:50:57,834 [main] INFO Nopcommercekay - ********Application Url open
2022-04-04 15:51:02,645 [main] INFO Nopcommercekay - ******User enter login details
2022-04-04 15:51:13,473 [main] INFO Nopcommercekay - User click on login details
2022-04-04 15:52:08,618 [main] INFO Nopcommercekay - *********Launching browser
2022-04-04 15:52:17,716 [main] INFO Nopcommercekay - ********Application Url open
2022-04-04 15:52:21,881 [main] INFO Nopcommercekay - ******User enter login details
2022-04-04 15:52:35,045 [main] INFO Nopcommercekay - User click on login details
2022-04-11 23:26:10,903 [main] INFO Nopcommercekay - *********Launching browser
2022-04-11 23:26:19,544 [main] INFO Nopcommercekay - ********Application Url open
2022-04-11 23:26:23,069 [main] INFO Nopcommercekay - ******User enter login details
2022-04-11 23:26:29,966 [main] INFO Nopcommercekay - User click on login details
2022-04-11 23:26:56,022 [main] INFO Nopcommercekay - User log out of application
2022-04-11 23:27:27,846 [main] INFO Nopcommercekay - *********Launching browser
2022-04-11 23:27:36,818 [main] INFO Nopcommercekay - ********Application Url open
2022-04-11 23:27:40,318 [main] INFO Nopcommercekay - ******User enter login details
2022-04-11 23:27:49,244 [main] INFO Nopcommercekay - User click on login details
2022-04-11 23:28:21,897 [main] INFO Nopcommercekay - User log out of application
2022-04-12 00:28:01,220 [main] INFO Nopcommercekay - *********Launching browser
2022-04-12 00:28:11,868 [main] INFO Nopcommercekay - ********Application Url open
2022-04-12 00:28:16,866 [main] INFO Nopcommercekay - ******User enter login details
2022-04-12 00:28:26,343 [main] INFO Nopcommercekay - User click on login details
2022-04-12 00:29:14,217 [main] INFO Nopcommercekay - User log out of application
2022-04-12 00:29:58,195 [main] INFO Nopcommercekay - *********Launching browser
2022-04-12 00:30:05,639 [main] INFO Nopcommercekay - ********Application Url open
2022-04-12 00:30:08,951 [main] INFO Nopcommercekay - ******User enter login details
2022-04-12 00:30:15,466 [main] INFO Nopcommercekay - User click on login details
2022-04-12 00:30:40,508 [main] INFO Nopcommercekay - User log out of application
2022-04-12 00:31:20,736 [main] INFO Nopcommercekay - *********Launching browser
2022-04-12 00:31:28,541 [main] INFO Nopcommercekay - ********Application Url open
2022-04-12 00:31:31,834 [main] INFO Nopcommercekay - ******User enter login details
2022-04-12 00:31:38,455 [main] INFO Nopcommercekay - User click on login details
2022-04-12 00:32:04,668 [main] INFO Nopcommercekay - User log out of application
2022-04-12 00:39:14,209 [main] INFO Nopcommercekay - *********Launching browser
2022-04-12 00:39:22,702 [main] INFO Nopcommercekay - ********Application Url open
2022-04-12 00:39:26,480 [main] INFO Nopcommercekay - ******User enter login details
2022-04-12 00:39:37,812 [main] INFO Nopcommercekay - User click on login details
2022-04-12 00:40:22,387 [main] INFO Nopcommercekay - User log out of application
2022-04-12 00:41:07,047 [main] INFO Nopcommercekay - *********Launching browser
2022-04-12 00:41:14,569 [main] INFO Nopcommercekay - ********Application Url open
2022-04-12 00:41:18,000 [main] INFO Nopcommercekay - ******User enter login details
2022-04-12 00:41:24,575 [main] INFO Nopcommercekay - User click on login details
2022-04-12 00:41:48,903 [main] INFO Nopcommercekay - User log out of application
2022-04-12 00:42:24,703 [main] INFO Nopcommercekay - *********Launching browser
2022-04-12 00:42:32,042 [main] INFO Nopcommercekay - ********Application Url open
2022-04-12 00:42:35,360 [main] INFO Nopcommercekay - ******User enter login details
2022-04-12 00:42:42,103 [main] INFO Nopcommercekay - User click on login details
2022-04-12 00:43:08,063 [main] INFO Nopcommercekay - User log out of application
2022-04-13 23:18:23,062 [main] INFO Nopcommercekay - *********Launching browser
2022-04-13 23:18:31,664 [main] INFO Nopcommercekay - ********Application Url open
2022-04-13 23:18:35,187 [main] INFO Nopcommercekay - ******User enter login details
2022-04-13 23:18:45,742 [main] INFO Nopcommercekay - User click on login details
2022-04-13 23:19:40,660 [main] INFO Nopcommercekay - User log out of application
2022-04-13 23:20:18,511 [main] INFO Nopcommercekay - *********Launching browser
2022-04-13 23:20:26,279 [main] INFO Nopcommercekay - ********Application Url open
2022-04-13 23:20:29,576 [main] INFO Nopcommercekay - ******User enter login details
2022-04-13 23:20:35,843 [main] INFO Nopcommercekay - User click on login details
2022-04-13 23:21:01,898 [main] INFO Nopcommercekay - User log out of application
2022-04-13 23:22:21,124 [main] INFO Nopcommercekay - *********Launching browser
2022-04-13 23:22:29,359 [main] INFO Nopcommercekay - ********Application Url open
2022-04-13 23:22:32,689 [main] INFO Nopcommercekay - ******User enter login details
2022-04-13 23:22:39,776 [main] INFO Nopcommercekay - User click on login details
2022-04-13 23:23:27,146 [main] INFO Nopcommercekay - User log out of application
2022-04-13 23:24:02,577 [main] INFO Nopcommercekay - *********Launching browser
2022-04-13 23:24:10,007 [main] INFO Nopcommercekay - ********Application Url open
2022-04-13 23:24:13,358 [main] INFO Nopcommercekay - ******User enter login details
2022-04-13 23:24:20,173 [main] INFO Nopcommercekay - User click on login details
2022-04-13 23:24:45,457 [main] INFO Nopcommercekay - User log out of application
2022-04-13 23:25:19,583 [main] INFO Nopcommercekay - *********Launching browser
2022-04-13 23:25:28,654 [main] INFO Nopcommercekay - ********Application Url open
2022-04-13 23:25:32,420 [main] INFO Nopcommercekay - ******User enter login details
2022-04-13 23:25:41,819 [main] INFO Nopcommercekay - User click on login details
2022-04-13 23:26:09,505 [main] INFO Nopcommercekay - User log out of application
2022-04-13 23:31:54,052 [main] INFO Nopcommercekay - *********Launching browser
2022-04-13 23:32:02,820 [main] INFO Nopcommercekay - ********Application Url open
2022-04-13 23:32:06,148 [main] INFO Nopcommercekay - ******User enter login details
2022-04-13 23:32:12,315 [main] INFO Nopcommercekay - User click on login details
2022-04-13 23:32:51,458 [main] INFO Nopcommercekay - User log out of application
2022-04-13 23:33:28,317 [main] INFO Nopcommercekay - *********Launching browser
2022-04-13 23:33:36,129 [main] INFO Nopcommercekay - ********Application Url open
2022-04-13 23:33:39,454 [main] INFO Nopcommercekay - ******User enter login details
2022-04-13 23:33:47,774 [main] INFO Nopcommercekay - User click on login details
2022-04-13 23:34:12,218 [main] INFO Nopcommercekay - User log out of application
2022-04-13 23:34:58,404 [main] INFO Nopcommercekay - *********Launching browser
2022-04-13 23:35:05,761 [main] INFO Nopcommercekay - ********Application Url open
2022-04-13 23:35:09,116 [main] INFO Nopcommercekay - ******User enter login details
2022-04-13 23:35:15,612 [main] INFO Nopcommercekay - User click on login details
2022-04-13 23:35:41,836 [main] INFO Nopcommercekay - User log out of application
2022-04-14 01:09:41,617 [main] INFO Nopcommercekay - *********Launching browser
2022-04-14 01:10:02,581 [main] INFO Nopcommercekay - ********Application Url open
2022-04-14 01:10:14,430 [main] INFO Nopcommercekay - *********Launching browser
2022-04-14 01:10:23,771 [main] INFO Nopcommercekay - ********Application Url open
2022-04-14 01:10:24,567 [main] INFO Nopcommercekay - ******User enter login details
2022-04-14 01:10:27,120 [main] INFO Nopcommercekay - ******User enter login details
2022-04-14 01:10:34,500 [main] INFO Nopcommercekay - User click on login details
2022-04-14 01:10:39,646 [main] INFO Nopcommercekay - User click on login details
2022-04-14 01:11:37,477 [main] INFO Nopcommercekay - User log out of application
2022-04-14 01:12:04,536 [main] INFO Nopcommercekay - User log out of application
2022-04-14 01:12:48,830 [main] INFO Nopcommercekay - *********Launching browser
2022-04-14 01:12:56,325 [main] INFO Nopcommercekay - ********Application Url open
2022-04-14 01:12:59,103 [main] INFO Nopcommercekay - *********Launching browser
2022-04-14 01:12:59,690 [main] INFO Nopcommercekay - ******User enter login details
2022-04-14 01:13:07,027 [main] INFO Nopcommercekay - ********Application Url open
2022-04-14 01:13:08,863 [main] INFO Nopcommercekay - User click on login details
2022-04-14 01:13:10,329 [main] INFO Nopcommercekay - ******User enter login details
2022-04-14 01:13:17,288 [main] INFO Nopcommercekay - User click on login details
2022-04-14 01:13:35,208 [main] INFO Nopcommercekay - User log out of application
2022-04-14 01:13:41,838 [main] INFO Nopcommercekay - User log out of application
2022-04-14 01:14:29,161 [main] INFO Nopcommercekay - *********Launching browser
2022-04-14 01:14:37,737 [main] INFO Nopcommercekay - ********Application Url open
2022-04-14 01:14:41,457 [main] INFO Nopcommercekay - ******User enter login details
2022-04-14 01:14:48,244 [main] INFO Nopcommercekay - User click on login details
2022-04-14 01:15:15,177 [main] INFO Nopcommercekay - User log out of application
2022-04-14 01:40:28,471 [main] INFO Nopcommercekay - *********Launching browser
2022-04-14 01:40:36,248 [main] INFO Nopcommercekay - ********Application Url open
2022-04-14 01:40:39,569 [main] INFO Nopcommercekay - ******User enter login details
2022-04-14 01:40:47,424 [main] INFO Nopcommercekay - User click on login details
2022-04-14 01:41:30,192 [main] INFO Nopcommercekay - User log out of application
2022-04-14 01:42:05,301 [main] INFO Nopcommercekay - *********Launching browser
2022-04-14 01:42:15,407 [main] INFO Nopcommercekay - ********Application Url open
2022-04-14 01:42:18,732 [main] INFO Nopcommercekay - ******User enter login details
2022-04-14 01:42:27,135 [main] INFO Nopcommercekay - User click on login details
2022-04-14 01:42:54,799 [main] INFO Nopcommercekay - User log out of application
2022-04-14 01:43:25,526 [main] INFO Nopcommercekay - *********Launching browser
2022-04-14 01:43:33,977 [main] INFO Nopcommercekay - ********Application Url open
2022-04-14 01:43:37,738 [main] INFO Nopcommercekay - ******User enter login details
2022-04-14 01:43:48,156 [main] INFO Nopcommercekay - User click on login details
2022-04-14 01:44:14,429 [main] INFO Nopcommercekay - User log out of application
2022-04-14 12:05:15,092 [main] INFO Nopcommercekay - *********Launching browser
2022-04-14 12:05:24,104 [main] INFO Nopcommercekay - ********Application Url open
2022-04-14 12:05:27,763 [main] INFO Nopcommercekay - ******User enter login details
2022-04-14 12:05:40,410 [main] INFO Nopcommercekay - User click on login details
2022-04-14 12:06:14,159 [main] INFO Nopcommercekay - *********Launching browser
2022-04-14 12:06:23,292 [main] INFO Nopcommercekay - ********Application Url open
2022-04-14 12:06:26,586 [main] INFO Nopcommercekay - ******User enter login details
2022-04-14 12:06:36,421 [main] INFO Nopcommercekay - User click on login details
2022-04-14 12:07:09,798 [main] INFO Nopcommercekay - *********Launching browser
2022-04-14 12:07:18,294 [main] INFO Nopcommercekay - ********Application Url open
2022-04-14 12:07:21,670 [main] INFO Nopcommercekay - ******User enter login details
2022-04-14 12:07:31,367 [main] INFO Nopcommercekay - User click on login details
2022-04-14 12:45:42,311 [main] INFO Nopcommercekay - *********Launching browser
2022-04-14 12:45:52,366 [main] INFO Nopcommercekay - ********Application Url open
2022-04-14 12:45:55,910 [main] INFO Nopcommercekay - ******User enter login details
2022-04-14 12:46:09,737 [main] INFO Nopcommercekay - User click on login details
2022-04-14 12:47:01,700 [main] INFO Nopcommercekay - *********Launching browser
2022-04-14 12:47:20,892 [main] INFO Nopcommercekay - ********Application Url open
2022-04-14 12:47:24,999 [main] INFO Nopcommercekay - ******User enter login details
2022-04-14 12:47:33,337 [main] INFO Nopcommercekay - User click on login details
2022-04-14 13:02:07,730 [main] INFO Nopcommercekay - *********Launching browser
2022-04-14 13:02:16,698 [main] INFO Nopcommercekay - ********Application Url open
2022-04-14 13:02:21,252 [main] INFO Nopcommercekay - ******User enter login details
2022-04-14 13:02:35,022 [main] INFO Nopcommercekay - User click on login details
2022-04-14 13:02:56,152 [main] INFO Nopcommercekay - *********Launching browser
2022-04-14 13:03:02,887 [main] INFO Nopcommercekay - ********Application Url open
2022-04-14 13:03:06,654 [main] INFO Nopcommercekay - ******User enter login details
2022-04-14 13:03:18,460 [main] INFO Nopcommercekay - User click on login details
2022-04-14 13:05:19,155 [main] INFO Nopcommercekay - *********Launching browser
2022-04-14 13:05:27,015 [main] INFO Nopcommercekay - ********Application Url open
2022-04-14 13:05:31,537 [main] INFO Nopcommercekay - ******User enter login details
2022-04-14 13:05:41,263 [main] INFO Nopcommercekay - User click on login details
2022-04-14 13:06:01,813 [main] INFO Nopcommercekay - *********Launching browser
2022-04-14 13:06:09,337 [main] INFO Nopcommercekay - ********Application Url open
2022-04-14 13:06:13,340 [main] INFO Nopcommercekay - ******User enter login details
2022-04-14 13:06:24,764 [main] INFO Nopcommercekay - User click on login details
2022-04-14 13:06:45,666 [main] INFO Nopcommercekay - *********Launching browser
2022-04-14 13:06:53,158 [main] INFO Nopcommercekay - ********Application Url open
2022-04-14 13:06:57,780 [main] INFO Nopcommercekay - ******User enter login details
2022-04-14 13:07:09,639 [main] INFO Nopcommercekay - User click on login details
2022-04-14 13:35:55,112 [main] INFO Nopcommercekay - *********Launching browser
2022-04-14 13:36:09,971 [main] INFO Nopcommercekay - ********Application Url open
2022-04-14 13:36:15,314 [main] INFO Nopcommercekay - ******User enter login details
2022-04-14 13:36:31,891 [main] INFO Nopcommercekay - User click on login details
2022-04-14 13:36:55,104 [main] INFO Nopcommercekay - *********Launching browser
2022-04-14 13:37:04,131 [main] INFO Nopcommercekay - ********Application Url open
2022-04-14 13:37:08,427 [main] INFO Nopcommercekay - ******User enter login details
2022-04-14 13:37:33,223 [main] INFO Nopcommercekay - User click on login details
2022-04-14 13:38:09,628 [main] INFO Nopcommercekay - *********Launching browser
2022-04-14 13:38:57,836 [main] INFO Nopcommercekay - ********Application Url open
2022-04-14 13:39:01,563 [main] INFO Nopcommercekay - ******User enter login details
2022-04-14 13:39:16,221 [main] INFO Nopcommercekay - User click on login details
2022-04-14 14:41:21,568 [main] INFO Nopcommercekay - *********Launching browser
2022-04-14 14:41:31,763 [main] INFO Nopcommercekay - ********Application Url open
2022-04-14 14:41:37,411 [main] INFO Nopcommercekay - ******User enter login details
2022-04-14 14:41:51,792 [main] INFO Nopcommercekay - User click on login details
2022-04-14 14:42:17,773 [main] INFO Nopcommercekay - *********Launching browser
2022-04-14 14:42:25,719 [main] INFO Nopcommercekay - ********Application Url open
2022-04-14 14:42:30,609 [main] INFO Nopcommercekay - ******User enter login details
2022-04-14 14:42:46,255 [main] INFO Nopcommercekay - User click on login details
2022-04-14 14:43:10,305 [main] INFO Nopcommercekay - *********Launching browser
2022-04-14 14:44:29,598 [main] INFO Nopcommercekay - ********Application Url open
2022-04-14 14:44:35,363 [main] INFO Nopcommercekay - ******User enter login details
2022-04-14 14:44:44,801 [main] INFO Nopcommercekay - User click on login details
2022-04-14 14:51:35,829 [main] INFO Nopcommercekay - *********Launching browser
2022-04-14 14:51:43,018 [main] INFO Nopcommercekay - ********Application Url open
2022-04-14 14:51:47,420 [main] INFO Nopcommercekay - ******User enter login details
2022-04-14 14:52:01,231 [main] INFO Nopcommercekay - User click on login details
2022-04-14 14:52:48,967 [main] INFO Nopcommercekay - User log out of application
2022-04-14 14:53:10,697 [main] INFO Nopcommercekay - *********Launching browser
2022-04-14 14:53:17,385 [main] INFO Nopcommercekay - ********Application Url open
2022-04-14 14:53:21,774 [main] INFO Nopcommercekay - ******User enter login details
2022-04-14 14:53:31,555 [main] INFO Nopcommercekay - User click on login details
2022-04-14 14:54:00,303 [main] INFO Nopcommercekay - User log out of application
2022-04-14 14:54:19,368 [main] INFO Nopcommercekay - *********Launching browser
2022-04-14 14:54:26,629 [main] INFO Nopcommercekay - ********Application Url open
2022-04-14 14:54:30,746 [main] INFO Nopcommercekay - ******User enter login details
2022-04-14 14:54:42,461 [main] INFO Nopcommercekay - User click on login details
2022-04-14 14:55:11,496 [main] INFO Nopcommercekay - User log out of application
2022-04-14 15:00:49,975 [main] INFO Nopcommercekay - *********Launching browser
2022-04-14 15:00:58,288 [main] INFO Nopcommercekay - ********Application Url open
2022-04-14 15:01:02,454 [main] INFO Nopcommercekay - ******User enter login details
2022-04-14 15:01:16,276 [main] INFO Nopcommercekay - User click on login details
2022-04-14 15:02:05,975 [main] INFO Nopcommercekay - User log out of application
2022-04-14 15:02:26,241 [main] INFO Nopcommercekay - *********Launching browser
2022-04-14 15:02:33,331 [main] INFO Nopcommercekay - ********Application Url open
2022-04-14 15:02:38,283 [main] INFO Nopcommercekay - ******User enter login details
2022-04-14 15:02:47,878 [main] INFO Nopcommercekay - User click on login details
2022-04-14 15:03:14,885 [main] INFO Nopcommercekay - User log out of application
2022-04-14 15:03:36,548 [main] INFO Nopcommercekay - *********Launching browser
2022-04-14 15:03:43,353 [main] INFO Nopcommercekay - ********Application Url open
2022-04-14 15:03:47,635 [main] INFO Nopcommercekay - ******User enter login details
2022-04-14 15:03:57,428 [main] INFO Nopcommercekay - User click on login details
2022-04-14 15:04:28,205 [main] INFO Nopcommercekay - User log out of application
2022-04-14 15:08:08,090 [main] INFO Nopcommercekay - *********Launching browser
2022-04-14 15:08:15,040 [main] INFO Nopcommercekay - ********Application Url open
2022-04-14 15:08:19,058 [main] INFO Nopcommercekay - ******User enter login details
2022-04-14 15:08:34,579 [main] INFO Nopcommercekay - User click on login details
2022-04-14 15:09:22,043 [main] INFO Nopcommercekay - User log out of application
2022-04-14 15:09:40,661 [main] INFO Nopcommercekay - *********Launching browser
2022-04-14 15:09:48,088 [main] INFO Nopcommercekay - ********Application Url open
2022-04-14 15:09:52,590 [main] INFO Nopcommercekay - ******User enter login details
2022-04-14 15:10:03,265 [main] INFO Nopcommercekay - User click on login details
2022-04-14 15:10:31,992 [main] INFO Nopcommercekay - User log out of application
2022-04-14 15:10:50,514 [main] INFO Nopcommercekay - *********Launching browser
2022-04-14 15:10:57,364 [main] INFO Nopcommercekay - ********Application Url open
2022-04-14 15:11:01,997 [main] INFO Nopcommercekay - ******User enter login details
2022-04-14 15:11:11,179 [main] INFO Nopcommercekay - User click on login details
2022-04-14 15:20:25,355 [main] INFO Nopcommercekay - *********Launching browser
2022-04-14 15:20:32,984 [main] INFO Nopcommercekay - ********Application Url open
2022-04-14 15:20:37,355 [main] INFO Nopcommercekay - ******User enter login details
2022-04-14 15:20:49,530 [main] INFO Nopcommercekay - User click on login details
2022-04-14 15:21:33,698 [main] INFO Nopcommercekay - User log out of application
2022-04-14 15:21:51,885 [main] INFO Nopcommercekay - *********Launching browser
2022-04-14 15:21:58,093 [main] INFO Nopcommercekay - ********Application Url open
2022-04-14 15:22:02,535 [main] INFO Nopcommercekay - ******User enter login details
2022-04-14 15:22:13,225 [main] INFO Nopcommercekay - User click on login details
2022-04-14 15:22:42,989 [main] INFO Nopcommercekay - User log out of application
2022-04-14 15:23:01,326 [main] INFO Nopcommercekay - *********Launching browser
2022-04-14 15:23:07,566 [main] INFO Nopcommercekay - ********Application Url open
2022-04-14 15:23:12,018 [main] INFO Nopcommercekay - ******User enter login details
2022-04-14 15:23:22,934 [main] INFO Nopcommercekay - User click on login details
